<?xml version="1.0" encoding="UTF-8"?>
<testsuite name="yahoofinance.api.TrendingTickersRequestTest" tests="1" skipped="0" failures="1" errors="0" timestamp="2020-08-02T10:21:26" hostname="DEBSCL000198" time="10.585">
  <properties/>
  <testcase name="getShipment" classname="yahoofinance.api.TrendingTickersRequestTest" time="10.585">
    <failure message="org.codehaus.groovy.runtime.typehandling.GroovyCastException: Cannot cast object 'interface io.restassured.response.ValidatableResponse' with class 'java.lang.Class' to class 'io.restassured.response.ValidatableResponse'" type="org.codehaus.groovy.runtime.typehandling.GroovyCastException">org.codehaus.groovy.runtime.typehandling.GroovyCastException: Cannot cast object 'interface io.restassured.response.ValidatableResponse' with class 'java.lang.Class' to class 'io.restassured.response.ValidatableResponse'
	at org.codehaus.groovy.runtime.typehandling.DefaultTypeTransformation.continueCastOnSAM(DefaultTypeTransformation.java:414)
	at org.codehaus.groovy.runtime.typehandling.DefaultTypeTransformation.continueCastOnNumber(DefaultTypeTransformation.java:328)
	at org.codehaus.groovy.runtime.typehandling.DefaultTypeTransformation.castToType(DefaultTypeTransformation.java:242)
	at org.codehaus.groovy.runtime.ScriptBytecodeAdapter.castToType(ScriptBytecodeAdapter.java:617)
	at com.yahoofinance.api.response.market.TrendingTickersResponse.&lt;init&gt;(TrendingTickersResponse.groovy:9)
	at sun.reflect.NativeConstructorAccessorImpl.newInstance0(Native Method)
	at sun.reflect.NativeConstructorAccessorImpl.newInstance(NativeConstructorAccessorImpl.java:62)
	at sun.reflect.DelegatingConstructorAccessorImpl.newInstance(DelegatingConstructorAccessorImpl.java:45)
	at java.lang.reflect.Constructor.newInstance(Constructor.java:423)
	at org.codehaus.groovy.reflection.CachedConstructor.invoke(CachedConstructor.java:83)
	at org.codehaus.groovy.runtime.callsite.ConstructorSite$ConstructorSiteNoUnwrapNoCoerce.callConstructor(ConstructorSite.java:105)
	at org.codehaus.groovy.runtime.callsite.CallSiteArray.defaultCallConstructor(CallSiteArray.java:59)
	at org.codehaus.groovy.runtime.callsite.AbstractCallSite.callConstructor(AbstractCallSite.java:238)
	at org.codehaus.groovy.runtime.callsite.AbstractCallSite.callConstructor(AbstractCallSite.java:250)
	at com.yahoofinance.api.request.v1.market.TrendingTickersGetRequest.byRegion_aroundBody0(TrendingTickersGetRequest.groovy:11)
	at com.yahoofinance.api.request.v1.market.TrendingTickersGetRequest$AjcClosure1.run(TrendingTickersGetRequest.groovy:1)
	at org.aspectj.runtime.reflect.JoinPointImpl.proceed(JoinPointImpl.java:149)
	at io.qameta.allure.aspects.StepsAspects.step(StepsAspects.java:50)
	at com.yahoofinance.api.request.v1.market.TrendingTickersGetRequest.byRegion(TrendingTickersGetRequest.groovy:1)
	at com.yahoofinance.api.request.v1.market.TrendingTickersGetRequest$byRegion.call(Unknown Source)
	at org.codehaus.groovy.runtime.callsite.CallSiteArray.defaultCall(CallSiteArray.java:47)
	at org.codehaus.groovy.runtime.callsite.AbstractCallSite.call(AbstractCallSite.java:116)
	at org.codehaus.groovy.runtime.callsite.AbstractCallSite.call(AbstractCallSite.java:128)
	at yahoofinance.api.TrendingTickersRequestTest.getShipment(TrendingTickersRequestTest.groovy:19)
	at sun.reflect.NativeMethodAccessorImpl.invoke0(Native Method)
	at sun.reflect.NativeMethodAccessorImpl.invoke(NativeMethodAccessorImpl.java:62)
	at sun.reflect.DelegatingMethodAccessorImpl.invoke(DelegatingMethodAccessorImpl.java:43)
	at java.lang.reflect.Method.invoke(Method.java:498)
	at org.testng.internal.MethodInvocationHelper.invokeMethod(MethodInvocationHelper.java:124)
	at org.testng.internal.Invoker.invokeMethod(Invoker.java:583)
	at org.testng.internal.Invoker.invokeTestMethod(Invoker.java:719)
	at org.testng.internal.Invoker.invokeTestMethods(Invoker.java:989)
	at org.testng.internal.TestMethodWorker.invokeTestMethods(TestMethodWorker.java:125)
	at org.testng.internal.TestMethodWorker.run(TestMethodWorker.java:109)
	at java.util.concurrent.ThreadPoolExecutor.runWorker(ThreadPoolExecutor.java:1149)
	at java.util.concurrent.ThreadPoolExecutor$Worker.run(ThreadPoolExecutor.java:624)
	at java.lang.Thread.run(Thread.java:748)
</failure>
  </testcase>
  <system-out><![CDATA[]]></system-out>
  <system-err><![CDATA[]]></system-err>
</testsuite>
